2026-02-06 09:57:46 --- Monitor run started ---
2026-02-06 09:57:49 Active sessions: 5 / 15
2026-02-06 09:57:52 📝 Completed PRs found: 50
2026-02-06 09:57:52 Available slots: 10
2026-02-06 09:57:56 ✅ Launched: Editorial: Enrich Beach Data - Tags -> sessions/374701169556927797
2026-02-06 09:58:02 ✅ Launched: Editorial: Enrich Hiking Data - Tags -> sessions/7797745209073237697
2026-02-06 09:58:08 ✅ Launched: Editorial: Enrich Surf Data - Tags -> sessions/14736766842138383957
2026-02-06 09:58:14 ✅ Launched: Images: Mountain Snowdonia Brecon -> sessions/8580814823698281276
2026-02-06 09:58:20 ✅ Launched: Images: Surf Breaks Wales -> sessions/10144809958368636896
2026-02-06 09:58:26 ✅ Launched: Images: Wild Swimming Wales -> sessions/15933058686637137275
2026-02-06 09:58:34 ✅ Launched: Research: Kayak Paddle Operators Wales -> sessions/17406800926662514180
2026-02-06 09:58:39 ✅ Launched: Research: Equipment Hire Wales -> sessions/16340741645235967488
2026-02-06 09:58:45 ✅ Launched: Research: Glamping Wales -> sessions/16272211517934982198
2026-02-06 09:58:51 ✅ Launched: Research: Webcams Conditions Wales -> sessions/3665214360813488397
2026-02-06 09:58:53 Launched 10 tasks this run
2026-02-06 09:58:53 --- Monitor run complete ---
2026-02-06 10:10:04 --- Monitor run started ---
2026-02-06 10:10:07 Active sessions: 8 / 15
2026-02-06 10:10:10 📝 Completed PRs found: 44
2026-02-06 10:10:10 Available slots: 7
2026-02-06 10:10:13 ✅ Launched: Research: Wildlife Spotting Wales -> sessions/11900877461653797910
2026-02-06 10:10:19 ✅ Launched: Research: Bus Routes Adventures Wales -> sessions/17576128814089668881
2026-02-06 10:10:21 No more pending tasks
2026-02-06 10:10:21 Launched 2 tasks this run
2026-02-06 10:10:21 --- Monitor run complete ---
2026-02-06 10:20:03 --- Monitor run started ---
2026-02-06 10:20:06 Active sessions: 3 / 15
2026-02-06 10:20:09 📝 Completed PRs found: 54
2026-02-06 10:20:09 Available slots: 12
2026-02-06 10:20:09 No more pending tasks
2026-02-06 10:20:09 Launched 0 tasks this run
2026-02-06 10:20:09 --- Monitor run complete ---
2026-02-06 10:30:04 --- Monitor run started ---
2026-02-06 10:30:07 Active sessions: 1 / 15
2026-02-06 10:30:10 📝 Completed PRs found: 58
2026-02-06 10:30:10 Available slots: 14
2026-02-06 10:30:10 No more pending tasks
2026-02-06 10:30:10 Launched 0 tasks this run
2026-02-06 10:30:10 --- Monitor run complete ---
2026-02-06 10:40:03 --- Monitor run started ---
2026-02-06 10:40:06 Active sessions: 1 / 15
2026-02-06 10:40:09 📝 Completed PRs found: 58
2026-02-06 10:40:09 Available slots: 14
2026-02-06 10:40:09 No more pending tasks
2026-02-06 10:40:09 Launched 0 tasks this run
2026-02-06 10:40:09 --- Monitor run complete ---
2026-02-06 10:50:04 --- Monitor run started ---
2026-02-06 10:50:07 Active sessions: 1 / 15
2026-02-06 10:50:10 📝 Completed PRs found: 58
2026-02-06 10:50:10 Available slots: 14
2026-02-06 10:50:10 No more pending tasks
2026-02-06 10:50:10 Launched 0 tasks this run
2026-02-06 10:50:10 --- Monitor run complete ---
2026-02-06 11:00:04 --- Monitor run started ---
2026-02-06 11:00:07 Active sessions: 0 / 15
2026-02-06 11:00:10 📝 Completed PRs found: 58
2026-02-06 11:00:10 Available slots: 15
2026-02-06 11:00:10 No more pending tasks
2026-02-06 11:00:10 Launched 0 tasks this run
2026-02-06 11:00:10 --- Monitor run complete ---
2026-02-06 11:10:03 --- Monitor run started ---
2026-02-06 11:10:06 Active sessions: 0 / 15
2026-02-06 11:10:09 📝 Completed PRs found: 58
2026-02-06 11:10:10 Available slots: 15
2026-02-06 11:10:10 No more pending tasks
2026-02-06 11:10:10 Launched 0 tasks this run
2026-02-06 11:10:10 --- Monitor run complete ---
2026-02-06 11:20:04 --- Monitor run started ---
2026-02-06 11:20:07 Active sessions: 0 / 15
2026-02-06 11:20:10 📝 Completed PRs found: 58
2026-02-06 11:20:10 Available slots: 15
2026-02-06 11:20:10 No more pending tasks
2026-02-06 11:20:10 Launched 0 tasks this run
2026-02-06 11:20:10 --- Monitor run complete ---
2026-02-06 11:30:03 --- Monitor run started ---
2026-02-06 11:30:06 Active sessions: 0 / 15
2026-02-06 11:30:09 📝 Completed PRs found: 58
2026-02-06 11:30:09 Available slots: 15
2026-02-06 11:30:09 No more pending tasks
2026-02-06 11:30:09 Launched 0 tasks this run
2026-02-06 11:30:09 --- Monitor run complete ---
2026-02-06 11:40:04 --- Monitor run started ---
2026-02-06 11:40:07 Active sessions: 0 / 15
2026-02-06 11:40:09 📝 Completed PRs found: 58
2026-02-06 11:40:09 Available slots: 15
2026-02-06 11:40:09 No more pending tasks
2026-02-06 11:40:09 Launched 0 tasks this run
2026-02-06 11:40:09 --- Monitor run complete ---
2026-02-06 11:50:03 --- Monitor run started ---
2026-02-06 11:50:06 Active sessions: 0 / 15
2026-02-06 11:50:10 📝 Completed PRs found: 58
2026-02-06 11:50:10 Available slots: 15
2026-02-06 11:50:10 No more pending tasks
2026-02-06 11:50:10 Launched 0 tasks this run
2026-02-06 11:50:10 --- Monitor run complete ---
2026-02-06 12:00:03 --- Monitor run started ---
2026-02-06 12:00:07 Active sessions: 0 / 15
2026-02-06 12:00:10 📝 Completed PRs found: 58
2026-02-06 12:00:10 Available slots: 15
2026-02-06 12:00:10 No more pending tasks
2026-02-06 12:00:10 Launched 0 tasks this run
2026-02-06 12:00:10 --- Monitor run complete ---
2026-02-06 12:10:03 --- Monitor run started ---
2026-02-06 12:10:06 Active sessions: 0 / 15
2026-02-06 12:10:08 📝 Completed PRs found: 58
2026-02-06 12:10:08 Available slots: 15
2026-02-06 12:10:08 No more pending tasks
2026-02-06 12:10:08 Launched 0 tasks this run
2026-02-06 12:10:08 --- Monitor run complete ---
2026-02-06 12:20:03 --- Monitor run started ---
2026-02-06 12:20:06 Active sessions: 0 / 15
2026-02-06 12:20:09 📝 Completed PRs found: 58
2026-02-06 12:20:09 Available slots: 15
2026-02-06 12:20:09 No more pending tasks
2026-02-06 12:20:09 Launched 0 tasks this run
2026-02-06 12:20:09 --- Monitor run complete ---
2026-02-06 12:30:04 --- Monitor run started ---
2026-02-06 12:30:06 Active sessions: 0 / 15
2026-02-06 12:30:10 📝 Completed PRs found: 58
2026-02-06 12:30:10 Available slots: 15
2026-02-06 12:30:10 No more pending tasks
2026-02-06 12:30:10 Launched 0 tasks this run
2026-02-06 12:30:10 --- Monitor run complete ---
2026-02-06 12:40:03 --- Monitor run started ---
2026-02-06 12:40:06 Active sessions: 0 / 15
2026-02-06 12:40:09 📝 Completed PRs found: 58
2026-02-06 12:40:09 Available slots: 15
2026-02-06 12:40:09 No more pending tasks
2026-02-06 12:40:09 Launched 0 tasks this run
2026-02-06 12:40:09 --- Monitor run complete ---
2026-02-06 12:50:04 --- Monitor run started ---
2026-02-06 12:50:07 Active sessions: 0 / 15
2026-02-06 12:50:10 📝 Completed PRs found: 58
2026-02-06 12:50:10 Available slots: 15
2026-02-06 12:50:10 No more pending tasks
2026-02-06 12:50:10 Launched 0 tasks this run
2026-02-06 12:50:10 --- Monitor run complete ---
2026-02-06 13:00:04 --- Monitor run started ---
2026-02-06 13:00:07 Active sessions: 0 / 15
2026-02-06 13:00:10 📝 Completed PRs found: 58
2026-02-06 13:00:10 Available slots: 15
2026-02-06 13:00:10 No more pending tasks
2026-02-06 13:00:10 Launched 0 tasks this run
2026-02-06 13:00:10 --- Monitor run complete ---
2026-02-06 13:10:04 --- Monitor run started ---
2026-02-06 13:10:07 Active sessions: 0 / 15
2026-02-06 13:10:10 📝 Completed PRs found: 58
2026-02-06 13:10:10 Available slots: 15
2026-02-06 13:10:10 No more pending tasks
2026-02-06 13:10:10 Launched 0 tasks this run
2026-02-06 13:10:10 --- Monitor run complete ---
2026-02-06 13:20:04 --- Monitor run started ---
2026-02-06 13:20:07 Active sessions: 0 / 15
2026-02-06 13:20:10 📝 Completed PRs found: 58
2026-02-06 13:20:10 Available slots: 15
2026-02-06 13:20:10 No more pending tasks
2026-02-06 13:20:10 Launched 0 tasks this run
2026-02-06 13:20:10 --- Monitor run complete ---
2026-02-06 13:30:03 --- Monitor run started ---
2026-02-06 13:30:07 Active sessions: 0 / 15
2026-02-06 13:30:11 📝 Completed PRs found: 58
2026-02-06 13:30:11 Available slots: 15
2026-02-06 13:30:11 No more pending tasks
2026-02-06 13:30:11 Launched 0 tasks this run
2026-02-06 13:30:11 --- Monitor run complete ---
2026-02-06 13:40:04 --- Monitor run started ---
2026-02-06 13:40:07 Active sessions: 0 / 15
2026-02-06 13:40:10 📝 Completed PRs found: 58
2026-02-06 13:40:10 Available slots: 15
2026-02-06 13:40:10 No more pending tasks
2026-02-06 13:40:10 Launched 0 tasks this run
2026-02-06 13:40:10 --- Monitor run complete ---
2026-02-06 13:50:04 --- Monitor run started ---
2026-02-06 13:50:04 Active sessions:  / 15
2026-02-06 13:50:05 Available slots: 15
2026-02-06 13:50:05 No more pending tasks
2026-02-06 13:50:05 Launched 0 tasks this run
2026-02-06 13:50:05 --- Monitor run complete ---
2026-02-06 14:00:04 --- Monitor run started ---
2026-02-06 14:00:05 Active sessions:  / 15
2026-02-06 14:00:05 Available slots: 15
2026-02-06 14:00:05 No more pending tasks
2026-02-06 14:00:05 Launched 0 tasks this run
2026-02-06 14:00:05 --- Monitor run complete ---
2026-02-06 14:10:03 --- Monitor run started ---
2026-02-06 14:10:04 Active sessions:  / 15
2026-02-06 14:10:05 Available slots: 15
2026-02-06 14:10:05 No more pending tasks
2026-02-06 14:10:05 Launched 0 tasks this run
2026-02-06 14:10:05 --- Monitor run complete ---
2026-02-06 14:20:11 --- Monitor run started ---
2026-02-06 14:20:11 Active sessions:  / 15
2026-02-06 14:20:12 Available slots: 15
2026-02-06 14:20:12 No more pending tasks
2026-02-06 14:20:12 Launched 0 tasks this run
2026-02-06 14:20:12 --- Monitor run complete ---
2026-02-06 14:30:04 --- Monitor run started ---
2026-02-06 14:30:04 Active sessions:  / 15
2026-02-06 14:30:05 Available slots: 15
2026-02-06 14:30:05 No more pending tasks
2026-02-06 14:30:05 Launched 0 tasks this run
2026-02-06 14:30:05 --- Monitor run complete ---
2026-02-06 14:40:04 --- Monitor run started ---
2026-02-06 14:40:04 Active sessions:  / 15
2026-02-06 14:40:05 Available slots: 15
2026-02-06 14:40:05 No more pending tasks
2026-02-06 14:40:05 Launched 0 tasks this run
2026-02-06 14:40:05 --- Monitor run complete ---
2026-02-06 14:50:03 --- Monitor run started ---
2026-02-06 14:50:03 Active sessions:  / 15
2026-02-06 14:50:04 Available slots: 15
2026-02-06 14:50:04 No more pending tasks
2026-02-06 14:50:04 Launched 0 tasks this run
2026-02-06 14:50:04 --- Monitor run complete ---
2026-02-06 15:00:04 --- Monitor run started ---
2026-02-06 15:00:05 Active sessions:  / 15
2026-02-06 15:00:05 Available slots: 15
2026-02-06 15:00:05 No more pending tasks
2026-02-06 15:00:05 Launched 0 tasks this run
2026-02-06 15:00:05 --- Monitor run complete ---
2026-02-06 15:10:04 --- Monitor run started ---
2026-02-06 15:10:04 Active sessions:  / 15
2026-02-06 15:10:05 Available slots: 15
2026-02-06 15:10:05 No more pending tasks
2026-02-06 15:10:05 Launched 0 tasks this run
2026-02-06 15:10:05 --- Monitor run complete ---
2026-02-06 15:20:04 --- Monitor run started ---
2026-02-06 15:20:04 Active sessions:  / 15
2026-02-06 15:20:05 Available slots: 15
2026-02-06 15:20:05 No more pending tasks
2026-02-06 15:20:05 Launched 0 tasks this run
2026-02-06 15:20:05 --- Monitor run complete ---
2026-02-06 15:30:04 --- Monitor run started ---
2026-02-06 15:30:05 Active sessions:  / 15
2026-02-06 15:30:06 Available slots: 15
2026-02-06 15:30:06 No more pending tasks
2026-02-06 15:30:06 Launched 0 tasks this run
2026-02-06 15:30:06 --- Monitor run complete ---
2026-02-06 15:40:05 --- Monitor run started ---
2026-02-06 15:40:05 Active sessions:  / 15
2026-02-06 15:40:06 Available slots: 15
2026-02-06 15:40:06 No more pending tasks
2026-02-06 15:40:06 Launched 0 tasks this run
2026-02-06 15:40:06 --- Monitor run complete ---
2026-02-06 15:50:04 --- Monitor run started ---
2026-02-06 15:50:04 Active sessions:  / 15
2026-02-06 15:50:05 Available slots: 15
2026-02-06 15:50:05 No more pending tasks
2026-02-06 15:50:05 Launched 0 tasks this run
2026-02-06 15:50:05 --- Monitor run complete ---
2026-02-06 16:00:03 --- Monitor run started ---
2026-02-06 16:00:04 Active sessions:  / 15
2026-02-06 16:00:04 Available slots: 15
2026-02-06 16:00:04 No more pending tasks
2026-02-06 16:00:04 Launched 0 tasks this run
2026-02-06 16:00:04 --- Monitor run complete ---
2026-02-06 16:10:04 --- Monitor run started ---
2026-02-06 16:10:04 Active sessions:  / 15
2026-02-06 16:10:05 Available slots: 15
2026-02-06 16:10:05 No more pending tasks
2026-02-06 16:10:05 Launched 0 tasks this run
2026-02-06 16:10:05 --- Monitor run complete ---
2026-02-06 16:20:04 --- Monitor run started ---
2026-02-06 16:20:05 Active sessions:  / 15
2026-02-06 16:20:05 Available slots: 15
2026-02-06 16:20:05 No more pending tasks
2026-02-06 16:20:05 Launched 0 tasks this run
2026-02-06 16:20:05 --- Monitor run complete ---
2026-02-06 16:30:04 --- Monitor run started ---
2026-02-06 16:30:04 Active sessions:  / 15
2026-02-06 16:30:05 Available slots: 15
2026-02-06 16:30:05 No more pending tasks
2026-02-06 16:30:05 Launched 0 tasks this run
2026-02-06 16:30:05 --- Monitor run complete ---
2026-02-06 16:40:03 --- Monitor run started ---
2026-02-06 16:40:04 Active sessions:  / 15
2026-02-06 16:40:04 Available slots: 15
2026-02-06 16:40:04 No more pending tasks
2026-02-06 16:40:04 Launched 0 tasks this run
2026-02-06 16:40:04 --- Monitor run complete ---
2026-02-06 16:50:04 --- Monitor run started ---
2026-02-06 16:50:04 Active sessions:  / 15
2026-02-06 16:50:05 Available slots: 15
2026-02-06 16:50:05 No more pending tasks
2026-02-06 16:50:05 Launched 0 tasks this run
2026-02-06 16:50:05 --- Monitor run complete ---
2026-02-06 17:00:03 --- Monitor run started ---
2026-02-06 17:00:04 Active sessions:  / 15
2026-02-06 17:00:04 Available slots: 15
2026-02-06 17:00:04 No more pending tasks
2026-02-06 17:00:04 Launched 0 tasks this run
2026-02-06 17:00:04 --- Monitor run complete ---
2026-02-06 17:10:04 --- Monitor run started ---
2026-02-06 17:10:05 Active sessions:  / 15
2026-02-06 17:10:06 Available slots: 15
2026-02-06 17:10:06 No more pending tasks
2026-02-06 17:10:06 Launched 0 tasks this run
2026-02-06 17:10:06 --- Monitor run complete ---
2026-02-06 17:20:04 --- Monitor run started ---
2026-02-06 17:20:05 Active sessions:  / 15
2026-02-06 17:20:05 Available slots: 15
2026-02-06 17:20:05 No more pending tasks
2026-02-06 17:20:05 Launched 0 tasks this run
2026-02-06 17:20:05 --- Monitor run complete ---
2026-02-06 17:30:04 --- Monitor run started ---
2026-02-06 17:30:04 Active sessions:  / 15
2026-02-06 17:30:05 Available slots: 15
2026-02-06 17:30:05 No more pending tasks
2026-02-06 17:30:05 Launched 0 tasks this run
2026-02-06 17:30:05 --- Monitor run complete ---
2026-02-06 17:40:04 --- Monitor run started ---
2026-02-06 17:40:04 Active sessions:  / 15
2026-02-06 17:40:05 Available slots: 15
2026-02-06 17:40:05 No more pending tasks
2026-02-06 17:40:05 Launched 0 tasks this run
2026-02-06 17:40:05 --- Monitor run complete ---
2026-02-06 17:50:04 --- Monitor run started ---
2026-02-06 17:50:05 Active sessions:  / 15
2026-02-06 17:50:05 Available slots: 15
2026-02-06 17:50:05 No more pending tasks
2026-02-06 17:50:05 Launched 0 tasks this run
2026-02-06 17:50:05 --- Monitor run complete ---
2026-02-06 18:00:05 --- Monitor run started ---
2026-02-06 18:00:05 Active sessions:  / 15
2026-02-06 18:00:06 Available slots: 15
2026-02-06 18:00:06 No more pending tasks
2026-02-06 18:00:06 Launched 0 tasks this run
2026-02-06 18:00:06 --- Monitor run complete ---
2026-02-06 18:10:04 --- Monitor run started ---
2026-02-06 18:10:04 Active sessions:  / 15
2026-02-06 18:10:05 Available slots: 15
2026-02-06 18:10:05 No more pending tasks
2026-02-06 18:10:05 Launched 0 tasks this run
2026-02-06 18:10:05 --- Monitor run complete ---
2026-02-06 18:20:03 --- Monitor run started ---
2026-02-06 18:20:04 Active sessions:  / 15
2026-02-06 18:20:04 Available slots: 15
2026-02-06 18:20:04 No more pending tasks
2026-02-06 18:20:04 Launched 0 tasks this run
2026-02-06 18:20:04 --- Monitor run complete ---
2026-02-06 18:30:04 --- Monitor run started ---
2026-02-06 18:30:05 Active sessions:  / 15
2026-02-06 18:30:06 Available slots: 15
2026-02-06 18:30:06 No more pending tasks
2026-02-06 18:30:06 Launched 0 tasks this run
2026-02-06 18:30:06 --- Monitor run complete ---
2026-02-06 18:40:03 --- Monitor run started ---
2026-02-06 18:40:04 Active sessions:  / 15
2026-02-06 18:40:04 Available slots: 15
2026-02-06 18:40:04 No more pending tasks
2026-02-06 18:40:04 Launched 0 tasks this run
2026-02-06 18:40:04 --- Monitor run complete ---
2026-02-06 18:50:04 --- Monitor run started ---
2026-02-06 18:50:05 Active sessions:  / 15
2026-02-06 18:50:05 Available slots: 15
2026-02-06 18:50:05 No more pending tasks
2026-02-06 18:50:05 Launched 0 tasks this run
2026-02-06 18:50:05 --- Monitor run complete ---
2026-02-06 19:00:04 --- Monitor run started ---
2026-02-06 19:00:05 Active sessions:  / 15
2026-02-06 19:00:06 Available slots: 15
2026-02-06 19:00:06 No more pending tasks
2026-02-06 19:00:06 Launched 0 tasks this run
2026-02-06 19:00:06 --- Monitor run complete ---
2026-02-06 19:10:03 --- Monitor run started ---
2026-02-06 19:10:04 Active sessions:  / 15
2026-02-06 19:10:04 Available slots: 15
2026-02-06 19:10:04 No more pending tasks
2026-02-06 19:10:04 Launched 0 tasks this run
2026-02-06 19:10:04 --- Monitor run complete ---
2026-02-06 19:20:11 --- Monitor run started ---
2026-02-06 19:20:12 Active sessions:  / 15
2026-02-06 19:20:12 Available slots: 15
2026-02-06 19:20:12 No more pending tasks
2026-02-06 19:20:12 Launched 0 tasks this run
2026-02-06 19:20:12 --- Monitor run complete ---
2026-02-06 19:30:04 --- Monitor run started ---
2026-02-06 19:30:04 Active sessions:  / 15
2026-02-06 19:30:05 Available slots: 15
2026-02-06 19:30:05 No more pending tasks
2026-02-06 19:30:05 Launched 0 tasks this run
2026-02-06 19:30:05 --- Monitor run complete ---
2026-02-06 22:00:04 --- Monitor run started ---
2026-02-06 22:00:05 Active sessions:  / 15
2026-02-06 22:00:05 Available slots: 15
2026-02-06 22:00:05 No more pending tasks
2026-02-06 22:00:05 Launched 0 tasks this run
2026-02-06 22:00:05 --- Monitor run complete ---
2026-02-06 22:10:03 --- Monitor run started ---
2026-02-06 22:10:04 Active sessions:  / 15
2026-02-06 22:10:04 Available slots: 15
2026-02-06 22:10:04 No more pending tasks
2026-02-06 22:10:04 Launched 0 tasks this run
2026-02-06 22:10:04 --- Monitor run complete ---
2026-02-06 22:20:03 --- Monitor run started ---
2026-02-06 22:20:04 Active sessions:  / 15
2026-02-06 22:20:04 Available slots: 15
2026-02-06 22:20:04 No more pending tasks
2026-02-06 22:20:04 Launched 0 tasks this run
2026-02-06 22:20:04 --- Monitor run complete ---
2026-02-06 22:30:03 --- Monitor run started ---
2026-02-06 22:30:04 Active sessions:  / 15
2026-02-06 22:30:04 Available slots: 15
2026-02-06 22:30:04 No more pending tasks
2026-02-06 22:30:04 Launched 0 tasks this run
2026-02-06 22:30:04 --- Monitor run complete ---
2026-02-06 22:40:04 --- Monitor run started ---
2026-02-06 22:40:04 Active sessions:  / 15
2026-02-06 22:40:05 Available slots: 15
2026-02-06 22:40:05 No more pending tasks
2026-02-06 22:40:05 Launched 0 tasks this run
2026-02-06 22:40:05 --- Monitor run complete ---
2026-02-06 22:50:03 --- Monitor run started ---
2026-02-06 22:50:04 Active sessions:  / 15
2026-02-06 22:50:04 Available slots: 15
2026-02-06 22:50:04 No more pending tasks
2026-02-06 22:50:04 Launched 0 tasks this run
2026-02-06 22:50:04 --- Monitor run complete ---
2026-02-06 23:00:03 --- Monitor run started ---
2026-02-06 23:00:04 Active sessions:  / 15
2026-02-06 23:00:05 Available slots: 15
2026-02-06 23:00:05 No more pending tasks
2026-02-06 23:00:05 Launched 0 tasks this run
2026-02-06 23:00:05 --- Monitor run complete ---
2026-02-06 23:10:04 --- Monitor run started ---
2026-02-06 23:10:04 Active sessions:  / 15
2026-02-06 23:10:05 Available slots: 15
2026-02-06 23:10:05 No more pending tasks
2026-02-06 23:10:05 Launched 0 tasks this run
2026-02-06 23:10:05 --- Monitor run complete ---
2026-02-06 23:20:03 --- Monitor run started ---
2026-02-06 23:20:04 Active sessions:  / 15
2026-02-06 23:20:05 Available slots: 15
2026-02-06 23:20:05 No more pending tasks
2026-02-06 23:20:05 Launched 0 tasks this run
2026-02-06 23:20:05 --- Monitor run complete ---
2026-02-06 23:30:04 --- Monitor run started ---
2026-02-06 23:30:05 Active sessions:  / 15
2026-02-06 23:30:05 Available slots: 15
2026-02-06 23:30:05 No more pending tasks
2026-02-06 23:30:05 Launched 0 tasks this run
2026-02-06 23:30:05 --- Monitor run complete ---
2026-02-06 23:40:04 --- Monitor run started ---
2026-02-06 23:40:04 Active sessions:  / 15
2026-02-06 23:40:05 Available slots: 15
2026-02-06 23:40:05 No more pending tasks
2026-02-06 23:40:05 Launched 0 tasks this run
2026-02-06 23:40:05 --- Monitor run complete ---
2026-02-06 23:50:27 --- Monitor run started ---
2026-02-06 23:50:28 Active sessions:  / 15
2026-02-06 23:50:28 Available slots: 15
2026-02-06 23:50:28 No more pending tasks
2026-02-06 23:50:28 Launched 0 tasks this run
2026-02-06 23:50:28 --- Monitor run complete ---
2026-02-07 00:00:03 --- Monitor run started ---
2026-02-07 00:00:04 Active sessions:  / 15
2026-02-07 00:00:04 Available slots: 15
2026-02-07 00:00:04 No more pending tasks
2026-02-07 00:00:04 Launched 0 tasks this run
2026-02-07 00:00:04 --- Monitor run complete ---
2026-02-07 00:10:03 --- Monitor run started ---
2026-02-07 00:10:04 Active sessions:  / 15
2026-02-07 00:10:04 Available slots: 15
2026-02-07 00:10:04 No more pending tasks
2026-02-07 00:10:04 Launched 0 tasks this run
2026-02-07 00:10:04 --- Monitor run complete ---
2026-02-07 00:20:04 --- Monitor run started ---
2026-02-07 00:20:04 Active sessions:  / 15
2026-02-07 00:20:05 Available slots: 15
2026-02-07 00:20:05 No more pending tasks
2026-02-07 00:20:05 Launched 0 tasks this run
2026-02-07 00:20:05 --- Monitor run complete ---
2026-02-07 00:30:03 --- Monitor run started ---
2026-02-07 00:30:03 Active sessions:  / 15
2026-02-07 00:30:04 Available slots: 15
2026-02-07 00:30:04 No more pending tasks
2026-02-07 00:30:04 Launched 0 tasks this run
2026-02-07 00:30:04 --- Monitor run complete ---
2026-02-07 00:40:03 --- Monitor run started ---
2026-02-07 00:40:04 Active sessions:  / 15
2026-02-07 00:40:05 Available slots: 15
2026-02-07 00:40:05 No more pending tasks
2026-02-07 00:40:05 Launched 0 tasks this run
2026-02-07 00:40:05 --- Monitor run complete ---
2026-02-07 00:50:03 --- Monitor run started ---
2026-02-07 00:50:04 Active sessions:  / 15
2026-02-07 00:50:05 Available slots: 15
2026-02-07 00:50:05 No more pending tasks
2026-02-07 00:50:05 Launched 0 tasks this run
2026-02-07 00:50:05 --- Monitor run complete ---
2026-02-07 01:00:03 --- Monitor run started ---
2026-02-07 01:00:04 Active sessions:  / 15
2026-02-07 01:00:04 Available slots: 15
2026-02-07 01:00:04 No more pending tasks
2026-02-07 01:00:04 Launched 0 tasks this run
2026-02-07 01:00:04 --- Monitor run complete ---
2026-02-07 01:10:04 --- Monitor run started ---
2026-02-07 01:10:04 Active sessions:  / 15
2026-02-07 01:10:05 Available slots: 15
2026-02-07 01:10:05 No more pending tasks
2026-02-07 01:10:05 Launched 0 tasks this run
2026-02-07 01:10:05 --- Monitor run complete ---
2026-02-07 01:20:04 --- Monitor run started ---
2026-02-07 01:20:04 Active sessions:  / 15
2026-02-07 01:20:05 Available slots: 15
2026-02-07 01:20:05 No more pending tasks
2026-02-07 01:20:05 Launched 0 tasks this run
2026-02-07 01:20:05 --- Monitor run complete ---
2026-02-07 01:30:03 --- Monitor run started ---
2026-02-07 01:30:03 Active sessions:  / 15
2026-02-07 01:30:04 Available slots: 15
2026-02-07 01:30:04 No more pending tasks
2026-02-07 01:30:04 Launched 0 tasks this run
2026-02-07 01:30:04 --- Monitor run complete ---
2026-02-07 01:40:04 --- Monitor run started ---
2026-02-07 01:40:05 Active sessions:  / 15
2026-02-07 01:40:05 Available slots: 15
2026-02-07 01:40:05 No more pending tasks
2026-02-07 01:40:05 Launched 0 tasks this run
2026-02-07 01:40:05 --- Monitor run complete ---
2026-02-07 01:50:04 --- Monitor run started ---
2026-02-07 01:50:05 Active sessions:  / 15
2026-02-07 01:50:05 Available slots: 15
2026-02-07 01:50:05 No more pending tasks
2026-02-07 01:50:05 Launched 0 tasks this run
2026-02-07 01:50:05 --- Monitor run complete ---
2026-02-07 02:00:05 --- Monitor run started ---
2026-02-07 02:00:05 Active sessions:  / 15
2026-02-07 02:00:06 Available slots: 15
2026-02-07 02:00:06 No more pending tasks
2026-02-07 02:00:06 Launched 0 tasks this run
2026-02-07 02:00:06 --- Monitor run complete ---
2026-02-07 02:10:04 --- Monitor run started ---
2026-02-07 02:10:05 Active sessions:  / 15
2026-02-07 02:10:05 Available slots: 15
2026-02-07 02:10:05 No more pending tasks
2026-02-07 02:10:05 Launched 0 tasks this run
2026-02-07 02:10:05 --- Monitor run complete ---
2026-02-07 02:20:03 --- Monitor run started ---
2026-02-07 02:20:04 Active sessions:  / 15
2026-02-07 02:20:05 Available slots: 15
2026-02-07 02:20:05 No more pending tasks
2026-02-07 02:20:05 Launched 0 tasks this run
2026-02-07 02:20:05 --- Monitor run complete ---
2026-02-07 02:30:04 --- Monitor run started ---
2026-02-07 02:30:04 Active sessions:  / 15
2026-02-07 02:30:05 Available slots: 15
2026-02-07 02:30:05 No more pending tasks
2026-02-07 02:30:05 Launched 0 tasks this run
2026-02-07 02:30:05 --- Monitor run complete ---
2026-02-07 02:40:03 --- Monitor run started ---
2026-02-07 02:40:04 Active sessions:  / 15
2026-02-07 02:40:04 Available slots: 15
2026-02-07 02:40:04 No more pending tasks
2026-02-07 02:40:04 Launched 0 tasks this run
2026-02-07 02:40:04 --- Monitor run complete ---
2026-02-07 02:50:06 --- Monitor run started ---
2026-02-07 02:50:06 Active sessions:  / 15
2026-02-07 02:50:07 Available slots: 15
2026-02-07 02:50:07 No more pending tasks
2026-02-07 02:50:07 Launched 0 tasks this run
2026-02-07 02:50:07 --- Monitor run complete ---
2026-02-07 03:00:04 --- Monitor run started ---
2026-02-07 03:00:04 Active sessions:  / 15
2026-02-07 03:00:05 Available slots: 15
2026-02-07 03:00:05 No more pending tasks
2026-02-07 03:00:05 Launched 0 tasks this run
2026-02-07 03:00:05 --- Monitor run complete ---
2026-02-07 03:10:04 --- Monitor run started ---
2026-02-07 03:10:04 Active sessions:  / 15
2026-02-07 03:10:05 Available slots: 15
2026-02-07 03:10:05 No more pending tasks
2026-02-07 03:10:05 Launched 0 tasks this run
2026-02-07 03:10:05 --- Monitor run complete ---
2026-02-07 03:20:03 --- Monitor run started ---
2026-02-07 03:20:04 Active sessions:  / 15
2026-02-07 03:20:04 Available slots: 15
2026-02-07 03:20:04 No more pending tasks
2026-02-07 03:20:04 Launched 0 tasks this run
2026-02-07 03:20:04 --- Monitor run complete ---
2026-02-07 03:30:03 --- Monitor run started ---
2026-02-07 03:30:04 Active sessions:  / 15
2026-02-07 03:30:05 Available slots: 15
2026-02-07 03:30:05 No more pending tasks
2026-02-07 03:30:05 Launched 0 tasks this run
2026-02-07 03:30:05 --- Monitor run complete ---
2026-02-07 03:40:03 --- Monitor run started ---
2026-02-07 03:40:04 Active sessions:  / 15
2026-02-07 03:40:04 Available slots: 15
2026-02-07 03:40:04 No more pending tasks
2026-02-07 03:40:04 Launched 0 tasks this run
2026-02-07 03:40:04 --- Monitor run complete ---
2026-02-07 03:50:04 --- Monitor run started ---
2026-02-07 03:50:04 Active sessions:  / 15
2026-02-07 03:50:05 Available slots: 15
2026-02-07 03:50:05 No more pending tasks
2026-02-07 03:50:05 Launched 0 tasks this run
2026-02-07 03:50:05 --- Monitor run complete ---
2026-02-07 04:00:03 --- Monitor run started ---
2026-02-07 04:00:04 Active sessions:  / 15
2026-02-07 04:00:04 Available slots: 15
2026-02-07 04:00:04 No more pending tasks
2026-02-07 04:00:04 Launched 0 tasks this run
2026-02-07 04:00:04 --- Monitor run complete ---
2026-02-07 04:10:04 --- Monitor run started ---
2026-02-07 04:10:04 Active sessions:  / 15
2026-02-07 04:10:05 Available slots: 15
2026-02-07 04:10:05 No more pending tasks
2026-02-07 04:10:05 Launched 0 tasks this run
2026-02-07 04:10:05 --- Monitor run complete ---
2026-02-07 04:20:04 --- Monitor run started ---
2026-02-07 04:20:04 Active sessions:  / 15
2026-02-07 04:20:05 Available slots: 15
2026-02-07 04:20:05 No more pending tasks
2026-02-07 04:20:05 Launched 0 tasks this run
2026-02-07 04:20:05 --- Monitor run complete ---
2026-02-07 04:30:03 --- Monitor run started ---
2026-02-07 04:30:04 Active sessions:  / 15
2026-02-07 04:30:04 Available slots: 15
2026-02-07 04:30:04 No more pending tasks
2026-02-07 04:30:04 Launched 0 tasks this run
2026-02-07 04:30:04 --- Monitor run complete ---
2026-02-07 04:40:04 --- Monitor run started ---
2026-02-07 04:40:05 Active sessions:  / 15
2026-02-07 04:40:05 Available slots: 15
2026-02-07 04:40:05 No more pending tasks
2026-02-07 04:40:05 Launched 0 tasks this run
2026-02-07 04:40:05 --- Monitor run complete ---
2026-02-07 04:50:04 --- Monitor run started ---
2026-02-07 04:50:05 Active sessions:  / 15
2026-02-07 04:50:05 Available slots: 15
2026-02-07 04:50:05 No more pending tasks
2026-02-07 04:50:05 Launched 0 tasks this run
2026-02-07 04:50:05 --- Monitor run complete ---
2026-02-07 05:00:05 --- Monitor run started ---
2026-02-07 05:00:05 Active sessions:  / 15
2026-02-07 05:00:06 Available slots: 15
2026-02-07 05:00:06 No more pending tasks
2026-02-07 05:00:06 Launched 0 tasks this run
2026-02-07 05:00:06 --- Monitor run complete ---
2026-02-07 05:10:03 --- Monitor run started ---
2026-02-07 05:10:04 Active sessions:  / 15
2026-02-07 05:10:04 Available slots: 15
2026-02-07 05:10:04 No more pending tasks
2026-02-07 05:10:04 Launched 0 tasks this run
2026-02-07 05:10:04 --- Monitor run complete ---
2026-02-07 05:20:04 --- Monitor run started ---
2026-02-07 05:20:04 Active sessions:  / 15
2026-02-07 05:20:05 Available slots: 15
2026-02-07 05:20:05 No more pending tasks
2026-02-07 05:20:05 Launched 0 tasks this run
2026-02-07 05:20:05 --- Monitor run complete ---
2026-02-07 05:30:04 --- Monitor run started ---
2026-02-07 05:30:05 Active sessions:  / 15
2026-02-07 05:30:05 Available slots: 15
2026-02-07 05:30:05 No more pending tasks
2026-02-07 05:30:05 Launched 0 tasks this run
2026-02-07 05:30:05 --- Monitor run complete ---
2026-02-07 05:40:04 --- Monitor run started ---
2026-02-07 05:40:04 Active sessions:  / 15
2026-02-07 05:40:05 Available slots: 15
2026-02-07 05:40:05 No more pending tasks
2026-02-07 05:40:05 Launched 0 tasks this run
2026-02-07 05:40:05 --- Monitor run complete ---
2026-02-07 05:50:04 --- Monitor run started ---
2026-02-07 05:50:05 Active sessions:  / 15
2026-02-07 05:50:05 Available slots: 15
2026-02-07 05:50:05 No more pending tasks
2026-02-07 05:50:05 Launched 0 tasks this run
2026-02-07 05:50:05 --- Monitor run complete ---
2026-02-07 06:00:04 --- Monitor run started ---
2026-02-07 06:00:05 Active sessions:  / 15
2026-02-07 06:00:05 Available slots: 15
2026-02-07 06:00:05 No more pending tasks
2026-02-07 06:00:05 Launched 0 tasks this run
2026-02-07 06:00:05 --- Monitor run complete ---
2026-02-07 06:10:04 --- Monitor run started ---
2026-02-07 06:10:04 Active sessions:  / 15
2026-02-07 06:10:05 Available slots: 15
2026-02-07 06:10:05 No more pending tasks
2026-02-07 06:10:05 Launched 0 tasks this run
2026-02-07 06:10:05 --- Monitor run complete ---
2026-02-07 06:20:04 --- Monitor run started ---
2026-02-07 06:20:04 Active sessions:  / 15
2026-02-07 06:20:05 Available slots: 15
2026-02-07 06:20:05 No more pending tasks
2026-02-07 06:20:05 Launched 0 tasks this run
2026-02-07 06:20:05 --- Monitor run complete ---
2026-02-07 06:30:04 --- Monitor run started ---
2026-02-07 06:30:04 Active sessions:  / 15
2026-02-07 06:30:05 Available slots: 15
2026-02-07 06:30:05 No more pending tasks
2026-02-07 06:30:05 Launched 0 tasks this run
2026-02-07 06:30:05 --- Monitor run complete ---
2026-02-07 06:40:04 --- Monitor run started ---
2026-02-07 06:40:04 Active sessions:  / 15
2026-02-07 06:40:05 Available slots: 15
2026-02-07 06:40:05 No more pending tasks
2026-02-07 06:40:05 Launched 0 tasks this run
2026-02-07 06:40:05 --- Monitor run complete ---
2026-02-07 06:50:04 --- Monitor run started ---
2026-02-07 06:50:04 Active sessions:  / 15
2026-02-07 06:50:05 Available slots: 15
2026-02-07 06:50:05 No more pending tasks
2026-02-07 06:50:05 Launched 0 tasks this run
2026-02-07 06:50:05 --- Monitor run complete ---
2026-02-07 07:00:04 --- Monitor run started ---
2026-02-07 07:00:04 Active sessions:  / 15
2026-02-07 07:00:05 Available slots: 15
2026-02-07 07:00:05 No more pending tasks
2026-02-07 07:00:05 Launched 0 tasks this run
2026-02-07 07:00:05 --- Monitor run complete ---
2026-02-07 07:10:03 --- Monitor run started ---
2026-02-07 07:10:04 Active sessions:  / 15
2026-02-07 07:10:04 Available slots: 15
2026-02-07 07:10:04 No more pending tasks
2026-02-07 07:10:04 Launched 0 tasks this run
2026-02-07 07:10:04 --- Monitor run complete ---
2026-02-07 07:20:04 --- Monitor run started ---
2026-02-07 07:20:04 Active sessions:  / 15
2026-02-07 07:20:05 Available slots: 15
2026-02-07 07:20:05 No more pending tasks
2026-02-07 07:20:05 Launched 0 tasks this run
2026-02-07 07:20:05 --- Monitor run complete ---
2026-02-07 07:30:05 --- Monitor run started ---
2026-02-07 07:30:05 Active sessions:  / 15
2026-02-07 07:30:06 Available slots: 15
2026-02-07 07:30:06 No more pending tasks
2026-02-07 07:30:06 Launched 0 tasks this run
2026-02-07 07:30:06 --- Monitor run complete ---
2026-02-07 07:40:03 --- Monitor run started ---
2026-02-07 07:40:03 Active sessions:  / 15
2026-02-07 07:40:04 Available slots: 15
2026-02-07 07:40:04 No more pending tasks
2026-02-07 07:40:04 Launched 0 tasks this run
2026-02-07 07:40:04 --- Monitor run complete ---
2026-02-07 07:50:04 --- Monitor run started ---
2026-02-07 07:50:05 Active sessions:  / 15
2026-02-07 07:50:06 Available slots: 15
2026-02-07 07:50:06 No more pending tasks
2026-02-07 07:50:06 Launched 0 tasks this run
2026-02-07 07:50:06 --- Monitor run complete ---
2026-02-07 08:01:07 --- Monitor run started ---
2026-02-07 08:01:08 Active sessions:  / 15
2026-02-07 08:01:08 Available slots: 15
2026-02-07 08:01:08 No more pending tasks
2026-02-07 08:01:08 Launched 0 tasks this run
2026-02-07 08:01:08 --- Monitor run complete ---
2026-02-07 08:10:05 --- Monitor run started ---
2026-02-07 08:10:05 Active sessions:  / 15
2026-02-07 08:10:06 Available slots: 15
2026-02-07 08:10:06 No more pending tasks
2026-02-07 08:10:06 Launched 0 tasks this run
2026-02-07 08:10:06 --- Monitor run complete ---
2026-02-07 08:20:03 --- Monitor run started ---
2026-02-07 08:20:04 Active sessions:  / 15
2026-02-07 08:20:04 Available slots: 15
2026-02-07 08:20:04 No more pending tasks
2026-02-07 08:20:04 Launched 0 tasks this run
2026-02-07 08:20:04 --- Monitor run complete ---
2026-02-07 08:30:03 --- Monitor run started ---
2026-02-07 08:30:04 Active sessions:  / 15
2026-02-07 08:30:04 Available slots: 15
2026-02-07 08:30:04 No more pending tasks
2026-02-07 08:30:04 Launched 0 tasks this run
2026-02-07 08:30:04 --- Monitor run complete ---
2026-02-07 08:40:04 --- Monitor run started ---
2026-02-07 08:40:05 Active sessions:  / 15
2026-02-07 08:40:05 Available slots: 15
2026-02-07 08:40:05 No more pending tasks
2026-02-07 08:40:05 Launched 0 tasks this run
2026-02-07 08:40:05 --- Monitor run complete ---
2026-02-07 08:50:05 --- Monitor run started ---
2026-02-07 08:50:05 Active sessions:  / 15
2026-02-07 08:50:06 Available slots: 15
2026-02-07 08:50:06 No more pending tasks
2026-02-07 08:50:06 Launched 0 tasks this run
2026-02-07 08:50:06 --- Monitor run complete ---
2026-02-07 09:00:03 --- Monitor run started ---
2026-02-07 09:00:04 Active sessions:  / 15
2026-02-07 09:00:04 Available slots: 15
2026-02-07 09:00:04 No more pending tasks
2026-02-07 09:00:04 Launched 0 tasks this run
2026-02-07 09:00:04 --- Monitor run complete ---
2026-02-07 09:10:03 --- Monitor run started ---
2026-02-07 09:10:04 Active sessions:  / 15
2026-02-07 09:10:04 Available slots: 15
2026-02-07 09:10:04 No more pending tasks
2026-02-07 09:10:04 Launched 0 tasks this run
2026-02-07 09:10:04 --- Monitor run complete ---
2026-02-07 09:20:03 --- Monitor run started ---
2026-02-07 09:20:04 Active sessions:  / 15
2026-02-07 09:20:04 Available slots: 15
2026-02-07 09:20:04 No more pending tasks
2026-02-07 09:20:04 Launched 0 tasks this run
2026-02-07 09:20:04 --- Monitor run complete ---
2026-02-07 09:30:04 --- Monitor run started ---
2026-02-07 09:30:04 Active sessions:  / 15
2026-02-07 09:30:05 Available slots: 15
2026-02-07 09:30:05 No more pending tasks
2026-02-07 09:30:05 Launched 0 tasks this run
2026-02-07 09:30:05 --- Monitor run complete ---
2026-02-07 09:40:04 --- Monitor run started ---
2026-02-07 09:40:04 Active sessions:  / 15
2026-02-07 09:40:05 Available slots: 15
2026-02-07 09:40:05 No more pending tasks
2026-02-07 09:40:05 Launched 0 tasks this run
2026-02-07 09:40:05 --- Monitor run complete ---
2026-02-07 09:50:03 --- Monitor run started ---
2026-02-07 09:50:04 Active sessions:  / 15
2026-02-07 09:50:05 Available slots: 15
2026-02-07 09:50:05 No more pending tasks
2026-02-07 09:50:05 Launched 0 tasks this run
2026-02-07 09:50:05 --- Monitor run complete ---
2026-02-07 10:00:05 --- Monitor run started ---
2026-02-07 10:00:06 Active sessions:  / 15
2026-02-07 10:00:06 Available slots: 15
2026-02-07 10:00:06 No more pending tasks
2026-02-07 10:00:06 Launched 0 tasks this run
2026-02-07 10:00:06 --- Monitor run complete ---
2026-02-07 10:10:03 --- Monitor run started ---
2026-02-07 10:10:03 Active sessions:  / 15
2026-02-07 10:10:04 Available slots: 15
2026-02-07 10:10:04 No more pending tasks
2026-02-07 10:10:04 Launched 0 tasks this run
2026-02-07 10:10:04 --- Monitor run complete ---
2026-02-07 10:20:03 --- Monitor run started ---
2026-02-07 10:20:04 Active sessions:  / 15
2026-02-07 10:20:05 Available slots: 15
2026-02-07 10:20:05 No more pending tasks
2026-02-07 10:20:05 Launched 0 tasks this run
2026-02-07 10:20:05 --- Monitor run complete ---
2026-02-07 10:30:04 --- Monitor run started ---
2026-02-07 10:30:05 Active sessions:  / 15
2026-02-07 10:30:05 Available slots: 15
2026-02-07 10:30:05 No more pending tasks
2026-02-07 10:30:05 Launched 0 tasks this run
2026-02-07 10:30:05 --- Monitor run complete ---
2026-02-07 10:40:17 --- Monitor run started ---
2026-02-07 10:40:17 Active sessions:  / 15
2026-02-07 10:40:18 Available slots: 15
2026-02-07 10:40:18 No more pending tasks
2026-02-07 10:40:18 Launched 0 tasks this run
2026-02-07 10:40:18 --- Monitor run complete ---
2026-02-07 10:50:04 --- Monitor run started ---
2026-02-07 10:50:04 Active sessions:  / 15
2026-02-07 10:50:05 Available slots: 15
2026-02-07 10:50:05 No more pending tasks
2026-02-07 10:50:05 Launched 0 tasks this run
2026-02-07 10:50:05 --- Monitor run complete ---
2026-02-07 11:00:03 --- Monitor run started ---
2026-02-07 11:00:04 Active sessions:  / 15
2026-02-07 11:00:04 Available slots: 15
2026-02-07 11:00:04 No more pending tasks
2026-02-07 11:00:04 Launched 0 tasks this run
2026-02-07 11:00:04 --- Monitor run complete ---
2026-02-07 11:10:04 --- Monitor run started ---
2026-02-07 11:10:04 Active sessions:  / 15
2026-02-07 11:10:05 Available slots: 15
2026-02-07 11:10:05 No more pending tasks
2026-02-07 11:10:05 Launched 0 tasks this run
2026-02-07 11:10:05 --- Monitor run complete ---
2026-02-07 11:20:03 --- Monitor run started ---
2026-02-07 11:20:04 Active sessions:  / 15
2026-02-07 11:20:05 Available slots: 15
2026-02-07 11:20:05 No more pending tasks
2026-02-07 11:20:05 Launched 0 tasks this run
2026-02-07 11:20:05 --- Monitor run complete ---
2026-02-07 11:30:03 --- Monitor run started ---
2026-02-07 11:30:04 Active sessions:  / 15
2026-02-07 11:30:04 Available slots: 15
2026-02-07 11:30:04 No more pending tasks
2026-02-07 11:30:04 Launched 0 tasks this run
2026-02-07 11:30:04 --- Monitor run complete ---
2026-02-07 11:40:06 --- Monitor run started ---
2026-02-07 11:40:07 Active sessions:  / 15
2026-02-07 11:40:08 Available slots: 15
2026-02-07 11:40:08 No more pending tasks
2026-02-07 11:40:08 Launched 0 tasks this run
2026-02-07 11:40:08 --- Monitor run complete ---
2026-02-07 11:50:04 --- Monitor run started ---
2026-02-07 11:50:04 Active sessions:  / 15
2026-02-07 11:50:05 Available slots: 15
2026-02-07 11:50:05 No more pending tasks
2026-02-07 11:50:05 Launched 0 tasks this run
2026-02-07 11:50:05 --- Monitor run complete ---
2026-02-07 12:00:04 --- Monitor run started ---
2026-02-07 12:00:05 Active sessions:  / 15
2026-02-07 12:00:05 Available slots: 15
2026-02-07 12:00:05 No more pending tasks
2026-02-07 12:00:05 Launched 0 tasks this run
2026-02-07 12:00:05 --- Monitor run complete ---
2026-02-07 12:10:03 --- Monitor run started ---
2026-02-07 12:10:03 Active sessions:  / 15
2026-02-07 12:10:04 Available slots: 15
2026-02-07 12:10:04 No more pending tasks
2026-02-07 12:10:04 Launched 0 tasks this run
2026-02-07 12:10:04 --- Monitor run complete ---
2026-02-07 12:20:04 --- Monitor run started ---
2026-02-07 12:20:05 Active sessions:  / 15
2026-02-07 12:20:05 Available slots: 15
2026-02-07 12:20:05 No more pending tasks
2026-02-07 12:20:05 Launched 0 tasks this run
2026-02-07 12:20:05 --- Monitor run complete ---
2026-02-07 12:30:05 --- Monitor run started ---
2026-02-07 12:30:05 Active sessions:  / 15
2026-02-07 12:30:06 Available slots: 15
2026-02-07 12:30:06 No more pending tasks
2026-02-07 12:30:06 Launched 0 tasks this run
2026-02-07 12:30:06 --- Monitor run complete ---
2026-02-07 12:40:03 --- Monitor run started ---
2026-02-07 12:40:04 Active sessions:  / 15
2026-02-07 12:40:04 Available slots: 15
2026-02-07 12:40:04 No more pending tasks
2026-02-07 12:40:04 Launched 0 tasks this run
2026-02-07 12:40:04 --- Monitor run complete ---
2026-02-07 12:50:04 --- Monitor run started ---
2026-02-07 12:50:04 Active sessions:  / 15
2026-02-07 12:50:05 Available slots: 15
2026-02-07 12:50:05 No more pending tasks
2026-02-07 12:50:05 Launched 0 tasks this run
2026-02-07 12:50:05 --- Monitor run complete ---
2026-02-07 13:00:04 --- Monitor run started ---
2026-02-07 13:00:04 Active sessions:  / 15
2026-02-07 13:00:05 Available slots: 15
2026-02-07 13:00:05 No more pending tasks
2026-02-07 13:00:05 Launched 0 tasks this run
2026-02-07 13:00:05 --- Monitor run complete ---
2026-02-07 13:10:03 --- Monitor run started ---
2026-02-07 13:10:03 Active sessions:  / 15
2026-02-07 13:10:04 Available slots: 15
2026-02-07 13:10:04 No more pending tasks
2026-02-07 13:10:04 Launched 0 tasks this run
2026-02-07 13:10:04 --- Monitor run complete ---
2026-02-07 13:20:03 --- Monitor run started ---
2026-02-07 13:20:04 Active sessions:  / 15
2026-02-07 13:20:04 Available slots: 15
2026-02-07 13:20:04 No more pending tasks
2026-02-07 13:20:04 Launched 0 tasks this run
2026-02-07 13:20:04 --- Monitor run complete ---
2026-02-07 13:30:03 --- Monitor run started ---
2026-02-07 13:30:04 Active sessions:  / 15
2026-02-07 13:30:05 Available slots: 15
2026-02-07 13:30:05 No more pending tasks
2026-02-07 13:30:05 Launched 0 tasks this run
2026-02-07 13:30:05 --- Monitor run complete ---
2026-02-07 13:40:05 --- Monitor run started ---
2026-02-07 13:40:06 Active sessions:  / 15
2026-02-07 13:40:07 Available slots: 15
2026-02-07 13:40:07 No more pending tasks
2026-02-07 13:40:07 Launched 0 tasks this run
2026-02-07 13:40:07 --- Monitor run complete ---
2026-02-07 13:50:04 --- Monitor run started ---
2026-02-07 13:50:04 Active sessions:  / 15
2026-02-07 13:50:05 Available slots: 15
2026-02-07 13:50:05 No more pending tasks
2026-02-07 13:50:05 Launched 0 tasks this run
2026-02-07 13:50:05 --- Monitor run complete ---
2026-02-07 14:00:04 --- Monitor run started ---
2026-02-07 14:00:05 Active sessions:  / 15
2026-02-07 14:00:05 Available slots: 15
2026-02-07 14:00:05 No more pending tasks
2026-02-07 14:00:05 Launched 0 tasks this run
2026-02-07 14:00:05 --- Monitor run complete ---
2026-02-07 14:10:05 --- Monitor run started ---
2026-02-07 14:10:05 Active sessions:  / 15
2026-02-07 14:10:06 Available slots: 15
2026-02-07 14:10:06 No more pending tasks
2026-02-07 14:10:06 Launched 0 tasks this run
2026-02-07 14:10:06 --- Monitor run complete ---
2026-02-07 14:20:03 --- Monitor run started ---
2026-02-07 14:20:04 Active sessions:  / 15
2026-02-07 14:20:05 Available slots: 15
2026-02-07 14:20:05 No more pending tasks
2026-02-07 14:20:05 Launched 0 tasks this run
2026-02-07 14:20:05 --- Monitor run complete ---
2026-02-07 14:30:05 --- Monitor run started ---
2026-02-07 14:30:05 Active sessions:  / 15
2026-02-07 14:30:06 Available slots: 15
2026-02-07 14:30:06 No more pending tasks
2026-02-07 14:30:06 Launched 0 tasks this run
2026-02-07 14:30:06 --- Monitor run complete ---
2026-02-07 14:40:04 --- Monitor run started ---
2026-02-07 14:40:05 Active sessions:  / 15
2026-02-07 14:40:06 Available slots: 15
2026-02-07 14:40:06 No more pending tasks
2026-02-07 14:40:06 Launched 0 tasks this run
2026-02-07 14:40:06 --- Monitor run complete ---
2026-02-07 14:50:04 --- Monitor run started ---
2026-02-07 14:50:04 Active sessions:  / 15
2026-02-07 14:50:05 Available slots: 15
2026-02-07 14:50:05 No more pending tasks
2026-02-07 14:50:05 Launched 0 tasks this run
2026-02-07 14:50:05 --- Monitor run complete ---
2026-02-07 15:00:03 --- Monitor run started ---
2026-02-07 15:00:04 Active sessions:  / 15
2026-02-07 15:00:04 Available slots: 15
2026-02-07 15:00:04 No more pending tasks
2026-02-07 15:00:04 Launched 0 tasks this run
2026-02-07 15:00:04 --- Monitor run complete ---
2026-02-07 15:10:03 --- Monitor run started ---
2026-02-07 15:10:04 Active sessions:  / 15
2026-02-07 15:10:05 Available slots: 15
2026-02-07 15:10:05 No more pending tasks
2026-02-07 15:10:05 Launched 0 tasks this run
2026-02-07 15:10:05 --- Monitor run complete ---
2026-02-07 15:20:04 --- Monitor run started ---
2026-02-07 15:20:05 Active sessions:  / 15
2026-02-07 15:20:05 Available slots: 15
2026-02-07 15:20:05 No more pending tasks
2026-02-07 15:20:05 Launched 0 tasks this run
2026-02-07 15:20:05 --- Monitor run complete ---
2026-02-07 15:30:04 --- Monitor run started ---
2026-02-07 15:30:05 Active sessions:  / 15
2026-02-07 15:30:05 Available slots: 15
2026-02-07 15:30:05 No more pending tasks
2026-02-07 15:30:05 Launched 0 tasks this run
2026-02-07 15:30:05 --- Monitor run complete ---
2026-02-07 15:40:04 --- Monitor run started ---
2026-02-07 15:40:04 Active sessions:  / 15
2026-02-07 15:40:05 Available slots: 15
2026-02-07 15:40:05 No more pending tasks
2026-02-07 15:40:05 Launched 0 tasks this run
2026-02-07 15:40:05 --- Monitor run complete ---
2026-02-07 15:50:04 --- Monitor run started ---
2026-02-07 15:50:04 Active sessions:  / 15
2026-02-07 15:50:05 Available slots: 15
2026-02-07 15:50:05 No more pending tasks
2026-02-07 15:50:05 Launched 0 tasks this run
2026-02-07 15:50:05 --- Monitor run complete ---
2026-02-07 16:00:04 --- Monitor run started ---
2026-02-07 16:00:04 Active sessions:  / 15
2026-02-07 16:00:05 Available slots: 15
2026-02-07 16:00:05 No more pending tasks
2026-02-07 16:00:05 Launched 0 tasks this run
2026-02-07 16:00:05 --- Monitor run complete ---
2026-02-07 16:10:03 --- Monitor run started ---
2026-02-07 16:10:04 Active sessions:  / 15
2026-02-07 16:10:05 Available slots: 15
2026-02-07 16:10:05 No more pending tasks
2026-02-07 16:10:05 Launched 0 tasks this run
2026-02-07 16:10:05 --- Monitor run complete ---
2026-02-07 16:20:04 --- Monitor run started ---
2026-02-07 16:20:04 Active sessions:  / 15
2026-02-07 16:20:05 Available slots: 15
2026-02-07 16:20:05 No more pending tasks
2026-02-07 16:20:05 Launched 0 tasks this run
2026-02-07 16:20:05 --- Monitor run complete ---
2026-02-07 16:30:04 --- Monitor run started ---
2026-02-07 16:30:05 Active sessions:  / 15
2026-02-07 16:30:05 Available slots: 15
2026-02-07 16:30:05 No more pending tasks
2026-02-07 16:30:05 Launched 0 tasks this run
2026-02-07 16:30:05 --- Monitor run complete ---
2026-02-07 16:40:03 --- Monitor run started ---
2026-02-07 16:40:04 Active sessions:  / 15
2026-02-07 16:40:04 Available slots: 15
2026-02-07 16:40:04 No more pending tasks
2026-02-07 16:40:04 Launched 0 tasks this run
2026-02-07 16:40:04 --- Monitor run complete ---
2026-02-07 16:50:04 --- Monitor run started ---
2026-02-07 16:50:05 Active sessions:  / 15
2026-02-07 16:50:06 Available slots: 15
2026-02-07 16:50:06 No more pending tasks
2026-02-07 16:50:06 Launched 0 tasks this run
2026-02-07 16:50:06 --- Monitor run complete ---
2026-02-07 17:00:03 --- Monitor run started ---
2026-02-07 17:00:04 Active sessions:  / 15
2026-02-07 17:00:05 Available slots: 15
2026-02-07 17:00:05 No more pending tasks
2026-02-07 17:00:05 Launched 0 tasks this run
2026-02-07 17:00:05 --- Monitor run complete ---
2026-02-07 17:10:04 --- Monitor run started ---
2026-02-07 17:10:04 Active sessions:  / 15
2026-02-07 17:10:05 Available slots: 15
2026-02-07 17:10:05 No more pending tasks
2026-02-07 17:10:05 Launched 0 tasks this run
2026-02-07 17:10:05 --- Monitor run complete ---
